e:\qt_temp\moviewsystem\x64\debug\main.obj
e:\qt_temp\moviewsystem\x64\debug\movie_system.obj
e:\qt_temp\moviewsystem\x64\debug\moc_mainwindow.obj
e:\qt_temp\moviewsystem\debug\moc_predefs.h
e:\qt_temp\moviewsystem\generatedfiles\debug\moc_mainwindow.cpp
e:\qt_temp\moviewsystem\generatedfiles\ui_mainwindow.h
e:\qt_temp\moviewsystem\.\generatedfiles\debug\moc_mainwindow.cpp
e:\qt_temp\moviewsystem\.\generatedfiles\ui_mainwindow.h
e:\qt_temp\moviewsystem\x64\debug\vc140.pdb
e:\qt_temp\moviewsystem\x64\debug\moviewsystem.tlog\cl.command.1.tlog
e:\qt_temp\moviewsystem\x64\debug\moviewsystem.tlog\cl.read.1.tlog
e:\qt_temp\moviewsystem\x64\debug\moviewsystem.tlog\cl.write.1.tlog
e:\qt_temp\moviewsystem\x64\debug\moviewsystem.tlog\custombuild.command.1.tlog
e:\qt_temp\moviewsystem\x64\debug\moviewsystem.tlog\custombuild.read.1.tlog
e:\qt_temp\moviewsystem\x64\debug\moviewsystem.tlog\custombuild.write.1.tlog
e:\qt_temp\moviewsystem\x64\debug\moviewsystem.tlog\moviewsystem.write.1u.tlog
e:\qt_temp\moviewsystem\x64\debug\moviewsystem.tlog\qtmoc.read.1u.tlog
e:\qt_temp\moviewsystem\x64\debug\moviewsystem.tlog\qtmoc.write.1u.tlog
e:\qt_temp\moviewsystem\x64\debug\moviewsystem.tlog\qtuic.read.1u.tlog
e:\qt_temp\moviewsystem\x64\debug\moviewsystem.tlog\qtuic.write.1u.tlog
